d:\workspace\vtk_showpic\vtk_showpic\x64\debug\vtk_showpic.pch
d:\workspace\vtk_showpic\vtk_showpic\x64\debug\vc143.pdb
d:\workspace\vtk_showpic\vtk_showpic\x64\debug\vc143.idb
d:\workspace\vtk_showpic\vtk_showpic\x64\debug\pch.obj
d:\workspace\vtk_showpic\vtk_showpic\x64\debug\vtk_showpicdlg.obj
d:\workspace\vtk_showpic\vtk_showpic\x64\debug\vtk_showpic.obj
d:\workspace\vtk_showpic\vtk_showpic\x64\debug\vtk_showpic.ilk
d:\workspace\vtk_showpic\x64\debug\vtk_showpic.exe
d:\workspace\vtk_showpic\x64\debug\vtk_showpic.pdb
d:\workspace\vtk_showpic\vtk_showpic\x64\debug\vtkshowpic.res
d:\workspace\vtk_showpic\vtk_showpic\x64\debug\cmystyle.obj
d:\workspace\vtk_showpic\vtk_showpic\x64\debug\vtk_showpic.tlog\cl.command.1.tlog
d:\workspace\vtk_showpic\vtk_showpic\x64\debug\vtk_showpic.tlog\cl.items.tlog
d:\workspace\vtk_showpic\vtk_showpic\x64\debug\vtk_showpic.tlog\cl.read.1.tlog
d:\workspace\vtk_showpic\vtk_showpic\x64\debug\vtk_showpic.tlog\cl.write.1.tlog
d:\workspace\vtk_showpic\vtk_showpic\x64\debug\vtk_showpic.tlog\link.command.1.tlog
d:\workspace\vtk_showpic\vtk_showpic\x64\debug\vtk_showpic.tlog\link.read.1.tlog
d:\workspace\vtk_showpic\vtk_showpic\x64\debug\vtk_showpic.tlog\link.write.1.tlog
d:\workspace\vtk_showpic\vtk_showpic\x64\debug\vtk_showpic.tlog\rc.command.1.tlog
d:\workspace\vtk_showpic\vtk_showpic\x64\debug\vtk_showpic.tlog\rc.read.1.tlog
d:\workspace\vtk_showpic\vtk_showpic\x64\debug\vtk_showpic.tlog\rc.write.1.tlog
